<?xml version="1.0" encoding="UTF-8"?>
<coverage generated="1695867117743" clover="3.2.0">
  <project timestamp="1695867117743" name="All files">
    <metrics statements="26" coveredstatements="26" conditionals="1" coveredconditionals="1" methods="8" coveredmethods="8" elements="35" coveredelements="35" complexity="0" loc="26" ncloc="26" packages="1" files="2" classes="2"/>
    <file name="ContactCsvDAO.ts" path="C:\Users\sidne\Workspaces\LP2_2023_2\exemplo02\src\daos\ContactCsvDAO.ts">
      <metrics statements="16" coveredstatements="16" conditionals="1" coveredconditionals="1" methods="4" coveredmethods="4"/>
      <line num="1" count="1" type="stmt"/>
      <line num="2" count="1" type="stmt"/>
      <line num="5" count="1" type="stmt"/>
      <line num="7" count="1" type="stmt"/>
      <line num="9" count="2" type="stmt"/>
      <line num="10" count="2" type="stmt"/>
      <line num="11" count="2" type="stmt"/>
      <line num="12" count="209" type="cond" truecount="1" falsecount="0"/>
      <line num="13" count="207" type="stmt"/>
      <line num="14" count="207" type="stmt"/>
      <line num="19" count="207" type="stmt"/>
      <line num="25" count="1" type="stmt"/>
      <line num="26" count="1" type="stmt"/>
      <line num="27" count="104" type="stmt"/>
      <line num="30" count="1" type="stmt"/>
      <line num="31" count="1" type="stmt"/>
    </file>
    <file name="ContactDao.ts" path="C:\Users\sidne\Workspaces\LP2_2023_2\exemplo02\src\daos\ContactDao.ts">
      <metrics statements="10" coveredstatements="10" conditionals="0" coveredconditionals="0" methods="4" coveredmethods="4"/>
      <line num="1" count="1" type="stmt"/>
      <line num="3" count="1" type="stmt"/>
      <line num="5" count="1" type="stmt"/>
      <line num="10" count="2" type="stmt"/>
      <line num="11" count="2" type="stmt"/>
      <line num="12" count="2" type="stmt"/>
      <line num="18" count="105" type="stmt"/>
      <line num="19" count="2" type="stmt"/>
      <line num="23" count="1" type="stmt"/>
      <line num="24" count="1" type="stmt"/>
    </file>
  </project>
</coverage>
