TN:
SF:src\daos\ContactCsvDAO.ts
FN:8,(anonymous_0)
FN:11,(anonymous_1)
FN:24,(anonymous_2)
FN:26,(anonymous_3)
FNF:4
FNH:4
FNDA:2,(anonymous_0)
FNDA:209,(anonymous_1)
FNDA:1,(anonymous_2)
FNDA:104,(anonymous_3)
DA:1,1
DA:2,1
DA:5,1
DA:7,1
DA:9,2
DA:10,2
DA:11,2
DA:12,209
DA:13,207
DA:14,207
DA:19,207
DA:25,1
DA:26,1
DA:27,104
DA:30,1
DA:31,1
LF:16
LH:16
BRDA:12,0,0,207
BRF:1
BRH:1
end_of_record
TN:
SF:src\daos\ContactDao.ts
FN:9,(anonymous_0)
FN:17,(anonymous_1)
FN:18,(anonymous_2)
FN:22,(anonymous_3)
FNF:4
FNH:4
FNDA:2,(anonymous_0)
FNDA:2,(anonymous_1)
FNDA:105,(anonymous_2)
FNDA:1,(anonymous_3)
DA:1,1
DA:3,1
DA:5,1
DA:10,2
DA:11,2
DA:12,2
DA:18,105
DA:19,2
DA:23,1
DA:24,1
LF:10
LH:10
BRF:0
BRH:0
end_of_record
